<?xml version="1.0" encoding="UTF-8" ?>
<testsuite failures="0" time="0.375" errors="0" skipped="0" tests="6" name="com.addressbook.AppTest">
  <properties>
[...]
</properties>
  <testcase time="0.359" classname="com.addressbook.AppTest" name="testApp"/>
  <testcase time="0" classname="com.addressbook.AppTest" name="testLs"/>
  <testcase time="0.016" classname="com.addressbook.AppTest" name="testCd"/>
  <testcase time="0" classname="com.addressbook.AppTest" name="testCat"/>
  <testcase time="0" classname="com.addressbook.AppTest" name="testAdd"/>
  <testcase time="0" classname="com.addressbook.AppTest" name="testRemove"/>
</testsuite>